Starting remote discovery
 * Serving Flask app "HueEmulator3" (lazy loading)
 * Environment: production
   WARNING: This is a development server. Do not use it in a production deployment.
   Use a production WSGI server instead.
 * Debug mode: off
 * Serving Flask app "HueEmulator3" (lazy loading)
 * Environment: production
   WARNING: This is a development server. Do not use it in a production deployment.
   Use a production WSGI server instead.
 * Debug mode: off
[{'success': {'/config/name': 'DiyHue Bridge'}},
 {'success': {'/config/swversion': '1949107040'}},
 {'success': {'/config/apiversion': '1.46.0'}},
 {'success': {'/config/timezone': 'Europe/London'}},
 {'success': {'/config/Remote API enabled': False}}]
{'devicetype': 'Hue#Mi 9 SE', 'generateclientkey': True}
{'devicetype': 'Hue#Mi 9 SE', 'generateclientkey': True}
{'devicetype': 'Hue#Mi 9 SE', 'generateclientkey': True}
{'devicetype': 'Hue#Mi 9 SE', 'generateclientkey': True}
[{'success': {'/config/linkbutton': {'lastlinkbuttonpushed': 1643124155}}}]
{'devicetype': 'Hue#Mi 9 SE', 'generateclientkey': True}
[{'success': {'clientkey': '010DF7D680E341B9878FFF8C5B4933C7',
              'username': 'a061479e7df211ec90d4b827ebf38830'}}]
scan for light
scan for light
scan for light
[{'creationtime': '2022-01-25T15:23:51Z',
  'data': [{'color': {'xy': {'x': 0.5190164318641401,
                             'y': 0.25253947978756586}},
            'dimming': {'brightness': 100.0},
            'id': 'db67aab3-b558-4e0d-81c3-dcff37a10c24',
            'on': {'on': True},
            'type': 'light'}],
  'id': '80edb3b0-5c9f-42ab-beb5-2f284383dbfe',
  'id_v1': '/lights/1',
  'type': 'update'}]
{'alert': 'select'}
[{'success': {'/lights/1/state/alert': 'select'}}]
{'name': 'Yeelight colorc .41'}
[{'success': {'/lights/1/name': 'Yeelight colorc .41'}}]
{'archetype': 'spotbulb'}
[{'success': {'/lights/1/config/archetype': 'spotbulb'}}]
[{'creationtime': '2022-01-25T15:24:10Z',
  'data': [{'color': {'xy': {'x': 0.5190164371798149, 'y': 0.2525394788868266}},
            'id': 'db67aab3-b558-4e0d-81c3-dcff37a10c24',
            'on': {'on': True},
            'type': 'light'}],
  'id': '81e3aa80-a974-4108-90db-96164cba7a4b',
  'id_v1': '/lights/1',
  'type': 'update'}]
[{'creationtime': '2022-01-25T15:24:10Z',
  'data': [{'color': {'xy': {'x': 0.5190164371798149, 'y': 0.2525394788868266}},
            'id': 'db67aab3-b558-4e0d-81c3-dcff37a10c24',
            'on': {'on': True},
            'type': 'light'}],
  'id': '81e3aa80-a974-4108-90db-96164cba7a4b',
  'id_v1': '/lights/1',
  'type': 'update'},
 {'creationtime': '2022-01-25T15:24:11Z',
  'data': [{'color': {'xy': {'x': 0.5261858231796396, 'y': 0.2655967424866813}},
            'id': 'db67aab3-b558-4e0d-81c3-dcff37a10c24',
            'on': {'on': True},
            'type': 'light'}],
  'id': '5196dd82-2360-46da-9026-f83ce9d3f5c8',
  'id_v1': '/lights/1',
  'type': 'update'}]
[{'creationtime': '2022-01-25T15:24:11Z',
  'data': [{'color': {'xy': {'x': 0.5412022643085052,
                             'y': 0.35703111323564973}},
            'id': 'db67aab3-b558-4e0d-81c3-dcff37a10c24',
            'on': {'on': True},
            'type': 'light'}],
  'id': 'bd93977a-0be2-4587-b0e5-1d2e17920571',
  'id_v1': '/lights/1',
  'type': 'update'}]
[{'creationtime': '2022-01-25T15:24:11Z',
  'data': [{'color': {'xy': {'x': 0.5412022643085052,
                             'y': 0.35703111323564973}},
            'id': 'db67aab3-b558-4e0d-81c3-dcff37a10c24',
            'on': {'on': True},
            'type': 'light'}],
  'id': 'bd93977a-0be2-4587-b0e5-1d2e17920571',
  'id_v1': '/lights/1',
  'type': 'update'},
 {'creationtime': '2022-01-25T15:24:11Z',
  'data': [{'color': {'xy': {'x': 0.5374817253250086, 'y': 0.3767600482585042}},
            'id': 'db67aab3-b558-4e0d-81c3-dcff37a10c24',
            'on': {'on': True},
            'type': 'light'}],
  'id': 'e28322b7-44e1-4044-a36f-18ee46aae46c',
  'id_v1': '/lights/1',
  'type': 'update'}]
[{'creationtime': '2022-01-25T15:24:12Z',
  'data': [{'color': {'xy': {'x': 0.5373359656745107,
                             'y': 0.37737071510541115}},
            'id': 'db67aab3-b558-4e0d-81c3-dcff37a10c24',
            'on': {'on': True},
            'type': 'light'}],
  'id': '437eade5-619b-4194-8511-b1f543e5de2f',
  'id_v1': '/lights/1',
  'type': 'update'}]
[{'creationtime': '2022-01-25T15:24:16Z',
  'data': [{'color': {'xy': {'x': 0.5617453350920614,
                             'y': 0.38790917929276625}},
            'id': 'db67aab3-b558-4e0d-81c3-dcff37a10c24',
            'on': {'on': True},
            'type': 'light'}],
  'id': '34fe8f5b-fe0b-4692-8030-52e3ea7c3da1',
  'id_v1': '/lights/1',
  'type': 'update'}]
[{'creationtime': '2022-01-25T15:24:16Z',
  'data': [{'color': {'xy': {'x': 0.5617453350920614,
                             'y': 0.38790917929276625}},
            'id': 'db67aab3-b558-4e0d-81c3-dcff37a10c24',
            'on': {'on': True},
            'type': 'light'}],
  'id': '34fe8f5b-fe0b-4692-8030-52e3ea7c3da1',
  'id_v1': '/lights/1',
  'type': 'update'},
 {'creationtime': '2022-01-25T15:24:16Z',
  'data': [{'color': {'xy': {'x': 0.4218116238321284,
                             'y': 0.42367825992608626}},
            'id': 'db67aab3-b558-4e0d-81c3-dcff37a10c24',
            'on': {'on': True},
            'type': 'light'}],
  'id': '4b565f56-331c-45e6-a88e-b440d2cdc7f2',
  'id_v1': '/lights/1',
  'type': 'update'}]
[{'creationtime': '2022-01-25T15:24:16Z',
  'data': [{'color': {'xy': {'x': 0.5617453350920614,
                             'y': 0.38790917929276625}},
            'id': 'db67aab3-b558-4e0d-81c3-dcff37a10c24',
            'on': {'on': True},
            'type': 'light'}],
  'id': '34fe8f5b-fe0b-4692-8030-52e3ea7c3da1',
  'id_v1': '/lights/1',
  'type': 'update'},
 {'creationtime': '2022-01-25T15:24:16Z',
  'data': [{'color': {'xy': {'x': 0.4218116238321284,
                             'y': 0.42367825992608626}},
            'id': 'db67aab3-b558-4e0d-81c3-dcff37a10c24',
            'on': {'on': True},
            'type': 'light'}],
  'id': '4b565f56-331c-45e6-a88e-b440d2cdc7f2',
  'id_v1': '/lights/1',
  'type': 'update'},
 {'creationtime': '2022-01-25T15:24:17Z',
  'data': [{'color': {'xy': {'x': 0.2291657437411887, 'y': 0.6555604567144322}},
            'id': 'db67aab3-b558-4e0d-81c3-dcff37a10c24',
            'on': {'on': True},
            'type': 'light'}],
  'id': 'd8b1a0b2-ea10-4f5a-aec8-94b99403f654',
  'id_v1': '/lights/1',
  'type': 'update'}]
[{'creationtime': '2022-01-25T15:24:17Z',
  'data': [{'color': {'xy': {'x': 0.17000000000000004, 'y': 0.7}},
            'id': 'db67aab3-b558-4e0d-81c3-dcff37a10c24',
            'on': {'on': True},
            'type': 'light'}],
  'id': 'c42e36cb-1414-4816-aaa4-ca29894fd5e6',
  'id_v1': '/lights/1',
  'type': 'update'}]
{'alert': 'select'}
[{'success': {'/lights/1/state/alert': 'select'}}]
{'class': 'Living room', 'lights': ['1'], 'name': 'Salon', 'type': 'Room'}
{'alert': 'select'}
[{'success': {'/lights/1/state/alert': 'select'}}]
[{'creationtime': '2022-01-25T15:25:21Z',
  'data': [{'color': {'xy': {'x': 0.17000000313700026, 'y': 0.699999997643791}},
            'dimming': {'brightness': 100.0},
            'id': 'db67aab3-b558-4e0d-81c3-dcff37a10c24',
            'on': {'on': True},
            'type': 'light'}],
  'id': '31acfcc7-2f29-4452-91d6-df7c3fa05c81',
  'id_v1': '/lights/1',
  'type': 'update'}]
[{'creationtime': '2022-01-25T15:25:23Z',
  'data': [{'color': {'xy': {'x': 0.17000000000000004, 'y': 0.7}},
            'id': 'db67aab3-b558-4e0d-81c3-dcff37a10c24',
            'type': 'light'}],
  'id': 'd1ddcab8-60f5-43a2-82f8-0a04622c9125',
  'id_v1': '/lights/1',
  'type': 'update'}]
[{'creationtime': '2022-01-25T15:25:23Z',
  'data': [{'color': {'xy': {'x': 0.17000000000000004, 'y': 0.7}},
            'id': 'db67aab3-b558-4e0d-81c3-dcff37a10c24',
            'type': 'light'}],
  'id': 'd1ddcab8-60f5-43a2-82f8-0a04622c9125',
  'id_v1': '/lights/1',
  'type': 'update'},
 {'creationtime': '2022-01-25T15:25:23Z',
  'data': [{'color': {'xy': {'x': 0.2820990128418282, 'y': 0.6158021412653037}},
            'id': 'db67aab3-b558-4e0d-81c3-dcff37a10c24',
            'type': 'light'}],
  'id': '6a87f22c-44cf-45e2-b0b8-6e9963a4a978',
  'id_v1': '/lights/1',
  'type': 'update'}]
[{'creationtime': '2022-01-25T15:25:23Z',
  'data': [{'color': {'xy': {'x': 0.17000000000000004, 'y': 0.7}},
            'id': 'db67aab3-b558-4e0d-81c3-dcff37a10c24',
            'type': 'light'}],
  'id': 'd1ddcab8-60f5-43a2-82f8-0a04622c9125',
  'id_v1': '/lights/1',
  'type': 'update'},
 {'creationtime': '2022-01-25T15:25:23Z',
  'data': [{'color': {'xy': {'x': 0.2820990128418282, 'y': 0.6158021412653037}},
            'id': 'db67aab3-b558-4e0d-81c3-dcff37a10c24',
            'type': 'light'}],
  'id': '6a87f22c-44cf-45e2-b0b8-6e9963a4a978',
  'id_v1': '/lights/1',
  'type': 'update'},
 {'creationtime': '2022-01-25T15:25:23Z',
  'data': [{'color': {'xy': {'x': 0.3799733888634139, 'y': 0.5422884440694167}},
            'id': 'db67aab3-b558-4e0d-81c3-dcff37a10c24',
            'type': 'light'}],
  'id': 'e879e49d-227a-4041-b4a0-8adbb66401fd',
  'id_v1': '/lights/1',
  'type': 'update'}]
[{'creationtime': '2022-01-25T15:25:24Z',
  'data': [{'color': {'xy': {'x': 0.46913113186553707,
                             'y': 0.4753218324990779}},
            'id': 'db67aab3-b558-4e0d-81c3-dcff37a10c24',
            'type': 'light'}],
  'id': '9848e0dc-93d4-4c4a-8a9f-4a31e477aa50',
  'id_v1': '/lights/1',
  'type': 'update'}]
[{'creationtime': '2022-01-25T15:25:24Z',
  'data': [{'color': {'xy': {'x': 0.46913113186553707,
                             'y': 0.4753218324990779}},
            'id': 'db67aab3-b558-4e0d-81c3-dcff37a10c24',
            'type': 'light'}],
  'id': '9848e0dc-93d4-4c4a-8a9f-4a31e477aa50',
  'id_v1': '/lights/1',
  'type': 'update'},
 {'creationtime': '2022-01-25T15:25:24Z',
  'data': [{'color': {'xy': {'x': 0.4751484602456447,
                             'y': 0.47080220157580244}},
            'id': 'db67aab3-b558-4e0d-81c3-dcff37a10c24',
            'type': 'light'}],
  'id': 'b6e216d5-a60f-49a5-abf9-7c2d7c9aee38',
  'id_v1': '/lights/1',
  'type': 'update'}]
[{'creationtime': '2022-01-25T15:25:24Z',
  'data': [{'color': {'xy': {'x': 0.47243901251815623,
                             'y': 0.4728372747778298}},
            'id': 'db67aab3-b558-4e0d-81c3-dcff37a10c24',
            'type': 'light'}],
  'id': 'eaad99e3-ee19-4346-abe7-f330f447d951',
  'id_v1': '/lights/1',
  'type': 'update'}]
[{'creationtime': '2022-01-25T15:25:24Z',
  'data': [{'color': {'xy': {'x': 0.47243901251815623,
                             'y': 0.4728372747778298}},
            'id': 'db67aab3-b558-4e0d-81c3-dcff37a10c24',
            'type': 'light'}],
  'id': 'eaad99e3-ee19-4346-abe7-f330f447d951',
  'id_v1': '/lights/1',
  'type': 'update'},
 {'creationtime': '2022-01-25T15:25:25Z',
  'data': [{'color': {'xy': {'x': 0.3634779055311307, 'y': 0.5222718717647827}},
            'id': 'db67aab3-b558-4e0d-81c3-dcff37a10c24',
            'type': 'light'}],
  'id': '85acecc1-2fb5-46d8-b329-4c0281a84797',
  'id_v1': '/lights/1',
  'type': 'update'}]
[{'creationtime': '2022-01-25T15:25:24Z',
  'data': [{'color': {'xy': {'x': 0.47243901251815623,
                             'y': 0.4728372747778298}},
            'id': 'db67aab3-b558-4e0d-81c3-dcff37a10c24',
            'type': 'light'}],
  'id': 'eaad99e3-ee19-4346-abe7-f330f447d951',
  'id_v1': '/lights/1',
  'type': 'update'},
 {'creationtime': '2022-01-25T15:25:25Z',
  'data': [{'color': {'xy': {'x': 0.3634779055311307, 'y': 0.5222718717647827}},
            'id': 'db67aab3-b558-4e0d-81c3-dcff37a10c24',
            'type': 'light'}],
  'id': '85acecc1-2fb5-46d8-b329-4c0281a84797',
  'id_v1': '/lights/1',
  'type': 'update'},
 {'creationtime': '2022-01-25T15:25:25Z',
  'data': [{'color': {'xy': {'x': 0.17707101158389546,
                             'y': 0.5555175279309698}},
            'id': 'db67aab3-b558-4e0d-81c3-dcff37a10c24',
            'type': 'light'}],
  'id': '0ca8782b-cdbc-4806-b87c-b262d3e4ca89',
  'id_v1': '/lights/1',
  'type': 'update'}]
[{'creationtime': '2022-01-25T15:25:24Z',
  'data': [{'color': {'xy': {'x': 0.47243901251815623,
                             'y': 0.4728372747778298}},
            'id': 'db67aab3-b558-4e0d-81c3-dcff37a10c24',
            'type': 'light'}],
  'id': 'eaad99e3-ee19-4346-abe7-f330f447d951',
  'id_v1': '/lights/1',
  'type': 'update'},
 {'creationtime': '2022-01-25T15:25:25Z',
  'data': [{'color': {'xy': {'x': 0.3634779055311307, 'y': 0.5222718717647827}},
            'id': 'db67aab3-b558-4e0d-81c3-dcff37a10c24',
            'type': 'light'}],
  'id': '85acecc1-2fb5-46d8-b329-4c0281a84797',
  'id_v1': '/lights/1',
  'type': 'update'},
 {'creationtime': '2022-01-25T15:25:25Z',
  'data': [{'color': {'xy': {'x': 0.17707101158389546,
                             'y': 0.5555175279309698}},
            'id': 'db67aab3-b558-4e0d-81c3-dcff37a10c24',
            'type': 'light'}],
  'id': '0ca8782b-cdbc-4806-b87c-b262d3e4ca89',
  'id_v1': '/lights/1',
  'type': 'update'},
 {'creationtime': '2022-01-25T15:25:25Z',
  'data': [{'color': {'xy': {'x': 0.16128146753855271,
                             'y': 0.3614043747338519}},
            'id': 'db67aab3-b558-4e0d-81c3-dcff37a10c24',
            'type': 'light'}],
  'id': '76400bfd-8a7e-407b-82d0-25a5c77addd7',
  'id_v1': '/lights/1',
  'type': 'update'}]
[{'creationtime': '2022-01-25T15:25:25Z',
  'data': [{'color': {'xy': {'x': 0.15833851909118524,
                             'y': 0.24711111791927454}},
            'id': 'db67aab3-b558-4e0d-81c3-dcff37a10c24',
            'type': 'light'}],
  'id': '37c1caeb-3e4a-40f9-873f-b92eb9483630',
  'id_v1': '/lights/1',
  'type': 'update'}]
[{'creationtime': '2022-01-25T15:25:25Z',
  'data': [{'color': {'xy': {'x': 0.15833851909118524,
                             'y': 0.24711111791927454}},
            'id': 'db67aab3-b558-4e0d-81c3-dcff37a10c24',
            'type': 'light'}],
  'id': '37c1caeb-3e4a-40f9-873f-b92eb9483630',
  'id_v1': '/lights/1',
  'type': 'update'},
 {'creationtime': '2022-01-25T15:25:25Z',
  'data': [{'color': {'xy': {'x': 0.15810922852751744,
                             'y': 0.2382063186177824}},
            'id': 'db67aab3-b558-4e0d-81c3-dcff37a10c24',
            'type': 'light'}],
  'id': '11bbbe01-add4-4d69-b218-d9cbb1052a50',
  'id_v1': '/lights/1',
  'type': 'update'}]
[{'creationtime': '2022-01-25T15:25:27Z',
  'data': [{'color': {'xy': {'x': 0.17000000313700026, 'y': 0.699999997643791}},
            'dimming': {'brightness': 100.0},
            'id': 'db67aab3-b558-4e0d-81c3-dcff37a10c24',
            'on': {'on': True},
            'type': 'light'}],
  'id': 'c7a1eebd-1d03-48f8-968a-57cb4b565e02',
  'id_v1': '/lights/1',
  'type': 'update'}]
{'startup': {'customsettings': {'bri': 255,
                                'xy': [0.15810922852751744,
                                       0.2382063186177824]}}}
[{'success': {'/lights/1/config/startup': {'customsettings': {'bri': 255,
                                                              'xy': [0.15810922852751744,
                                                                     0.2382063186177824]}}}}]
[{'creationtime': '2022-01-25T15:25:39Z',
  'data': [{'color': {'xy': {'x': 0.17000000000000004, 'y': 0.7}},
            'id': 'db67aab3-b558-4e0d-81c3-dcff37a10c24',
            'on': {'on': True},
            'type': 'light'}],
  'id': '420004ce-0341-4263-9af3-df4270d6720c',
  'id_v1': '/lights/1',
  'type': 'update'}]
[{'creationtime': '2022-01-25T15:25:39Z',
  'data': [{'color': {'xy': {'x': 0.17000000000000004, 'y': 0.7}},
            'id': 'db67aab3-b558-4e0d-81c3-dcff37a10c24',
            'on': {'on': True},
            'type': 'light'}],
  'id': '420004ce-0341-4263-9af3-df4270d6720c',
  'id_v1': '/lights/1',
  'type': 'update'},
 {'creationtime': '2022-01-25T15:25:40Z',
  'data': [{'color': {'xy': {'x': 0.34558862240566607,
                             'y': 0.5188293974431638}},
            'id': 'db67aab3-b558-4e0d-81c3-dcff37a10c24',
            'on': {'on': True},
            'type': 'light'}],
  'id': '5addc797-c2f6-46f7-9961-82dd041dea43',
  'id_v1': '/lights/1',
  'type': 'update'}]
[{'creationtime': '2022-01-25T15:25:40Z',
  'data': [{'color': {'xy': {'x': 0.23037391286205022,
                             'y': 0.28323728379185664}},
            'id': 'db67aab3-b558-4e0d-81c3-dcff37a10c24',
            'on': {'on': True},
            'type': 'light'}],
  'id': 'ff0c1756-d370-47fa-9518-7f40c24c1225',
  'id_v1': '/lights/1',
  'type': 'update'}]
[{'creationtime': '2022-01-25T15:25:40Z',
  'data': [{'color': {'xy': {'x': 0.23037391286205022,
                             'y': 0.28323728379185664}},
            'id': 'db67aab3-b558-4e0d-81c3-dcff37a10c24',
            'on': {'on': True},
            'type': 'light'}],
  'id': 'ff0c1756-d370-47fa-9518-7f40c24c1225',
  'id_v1': '/lights/1',
  'type': 'update'},
 {'creationtime': '2022-01-25T15:25:40Z',
  'data': [{'color': {'xy': {'x': 0.21859098287716616,
                             'y': 0.27199960477484064}},
            'id': 'db67aab3-b558-4e0d-81c3-dcff37a10c24',
            'on': {'on': True},
            'type': 'light'}],
  'id': '6681b150-b3c2-4b9f-be3d-056a027b0096',
  'id_v1': '/lights/1',
  'type': 'update'}]
[{'creationtime': '2022-01-25T15:25:41Z',
  'data': [{'color': {'xy': {'x': 0.15648563367199808,
                             'y': 0.17515188626756817}},
            'id': 'db67aab3-b558-4e0d-81c3-dcff37a10c24',
            'on': {'on': True},
            'type': 'light'}],
  'id': '7d2ed8ed-f584-4496-9b2f-38ae76a52d3b',
  'id_v1': '/lights/1',
  'type': 'update'}]
[{'creationtime': '2022-01-25T15:25:41Z',
  'data': [{'color': {'xy': {'x': 0.15648563367199808,
                             'y': 0.17515188626756817}},
            'id': 'db67aab3-b558-4e0d-81c3-dcff37a10c24',
            'on': {'on': True},
            'type': 'light'}],
  'id': '7d2ed8ed-f584-4496-9b2f-38ae76a52d3b',
  'id_v1': '/lights/1',
  'type': 'update'},
 {'creationtime': '2022-01-25T15:25:41Z',
  'data': [{'color': {'xy': {'x': 0.15646655730355707,
                             'y': 0.17441103051820328}},
            'id': 'db67aab3-b558-4e0d-81c3-dcff37a10c24',
            'on': {'on': True},
            'type': 'light'}],
  'id': 'db25f452-1bed-469b-9b8a-d27157fd6d9a',
  'id_v1': '/lights/1',
  'type': 'update'}]
[{'creationtime': '2022-01-25T15:25:41Z',
  'data': [{'color': {'xy': {'x': 0.15648563367199808,
                             'y': 0.17515188626756817}},
            'id': 'db67aab3-b558-4e0d-81c3-dcff37a10c24',
            'on': {'on': True},
            'type': 'light'}],
  'id': '7d2ed8ed-f584-4496-9b2f-38ae76a52d3b',
  'id_v1': '/lights/1',
  'type': 'update'},
 {'creationtime': '2022-01-25T15:25:41Z',
  'data': [{'color': {'xy': {'x': 0.15646655730355707,
                             'y': 0.17441103051820328}},
            'id': 'db67aab3-b558-4e0d-81c3-dcff37a10c24',
            'on': {'on': True},
            'type': 'light'}],
  'id': 'db25f452-1bed-469b-9b8a-d27157fd6d9a',
  'id_v1': '/lights/1',
  'type': 'update'},
 {'creationtime': '2022-01-25T15:25:41Z',
  'data': [{'color': {'xy': {'x': 0.15568179803896232,
                             'y': 0.14393387681672432}},
            'id': 'db67aab3-b558-4e0d-81c3-dcff37a10c24',
            'on': {'on': True},
            'type': 'light'}],
  'id': '69eeb255-2bc2-4dd9-8c3c-b0f3fa7c3c24',
  'id_v1': '/lights/1',
  'type': 'update'}]
[{'creationtime': '2022-01-25T15:25:41Z',
  'data': [{'color': {'xy': {'x': 0.15569676806282182,
                             'y': 0.14451525729691006}},
            'id': 'db67aab3-b558-4e0d-81c3-dcff37a10c24',
            'on': {'on': True},
            'type': 'light'}],
  'id': '4941b8ef-e416-4540-a0d3-f8442759a1a0',
  'id_v1': '/lights/1',
  'type': 'update'}]
[{'creationtime': '2022-01-25T15:25:41Z',
  'data': [{'color': {'xy': {'x': 0.15569676806282182,
                             'y': 0.14451525729691006}},
            'id': 'db67aab3-b558-4e0d-81c3-dcff37a10c24',
            'on': {'on': True},
            'type': 'light'}],
  'id': '4941b8ef-e416-4540-a0d3-f8442759a1a0',
  'id_v1': '/lights/1',
  'type': 'update'},
 {'creationtime': '2022-01-25T15:25:41Z',
  'data': [{'color': {'xy': {'x': 0.15607555727676461,
                             'y': 0.15922603245387312}},
            'id': 'db67aab3-b558-4e0d-81c3-dcff37a10c24',
            'on': {'on': True},
            'type': 'light'}],
  'id': '21c63917-38f9-4bb7-be40-3a6fe35d79f2',
  'id_v1': '/lights/1',
  'type': 'update'}]
[{'creationtime': '2022-01-25T15:25:42Z',
  'data': [{'color': {'xy': {'x': 0.15639429731322302,
                             'y': 0.1716047191674015}},
            'id': 'db67aab3-b558-4e0d-81c3-dcff37a10c24',
            'on': {'on': True},
            'type': 'light'}],
  'id': '10782b0c-3287-42f2-b8f3-14d681e28cf6',
  'id_v1': '/lights/1',
  'type': 'update'}]
[{'creationtime': '2022-01-25T15:25:42Z',
  'data': [{'color': {'xy': {'x': 0.15639429731322302,
                             'y': 0.1716047191674015}},
            'id': 'db67aab3-b558-4e0d-81c3-dcff37a10c24',
            'on': {'on': True},
            'type': 'light'}],
  'id': '10782b0c-3287-42f2-b8f3-14d681e28cf6',
  'id_v1': '/lights/1',
  'type': 'update'},
 {'creationtime': '2022-01-25T15:25:42Z',
  'data': [{'color': {'xy': {'x': 0.15637921711713273,
                             'y': 0.17101906000435985}},
            'id': 'db67aab3-b558-4e0d-81c3-dcff37a10c24',
            'on': {'on': True},
            'type': 'light'}],
  'id': '03530686-0d2f-4674-b93b-0680444b8395',
  'id_v1': '/lights/1',
  'type': 'update'}]
[{'creationtime': '2022-01-25T15:25:42Z',
  'data': [{'color': {'xy': {'x': 0.15639429731322302,
                             'y': 0.1716047191674015}},
            'id': 'db67aab3-b558-4e0d-81c3-dcff37a10c24',
            'on': {'on': True},
            'type': 'light'}],
  'id': '10782b0c-3287-42f2-b8f3-14d681e28cf6',
  'id_v1': '/lights/1',
  'type': 'update'},
 {'creationtime': '2022-01-25T15:25:42Z',
  'data': [{'color': {'xy': {'x': 0.15637921711713273,
                             'y': 0.17101906000435985}},
            'id': 'db67aab3-b558-4e0d-81c3-dcff37a10c24',
            'on': {'on': True},
            'type': 'light'}],
  'id': '03530686-0d2f-4674-b93b-0680444b8395',
  'id_v1': '/lights/1',
  'type': 'update'},
 {'creationtime': '2022-01-25T15:25:42Z',
  'data': [{'color': {'xy': {'x': 0.15635552005237371,
                             'y': 0.1700987534625732}},
            'id': 'db67aab3-b558-4e0d-81c3-dcff37a10c24',
            'on': {'on': True},
            'type': 'light'}],
  'id': '967aea7a-9a4d-4a9d-a0c9-d2b9892f70c0',
  'id_v1': '/lights/1',
  'type': 'update'}]
[{'creationtime': '2022-01-25T15:25:51Z',
  'data': [{'color': {'xy': {'x': 0.15735365496356551,
                             'y': 0.17886180935248822}},
            'id': 'db67aab3-b558-4e0d-81c3-dcff37a10c24',
            'on': {'on': True},
            'type': 'light'}],
  'id': '9537caa1-a93d-49f9-9e89-3d862334de1e',
  'id_v1': '/lights/1',
  'type': 'update'}]
[{'creationtime': '2022-01-25T15:25:51Z',
  'data': [{'color': {'xy': {'x': 0.15735365496356551,
                             'y': 0.17886180935248822}},
            'id': 'db67aab3-b558-4e0d-81c3-dcff37a10c24',
            'on': {'on': True},
            'type': 'light'}],
  'id': '9537caa1-a93d-49f9-9e89-3d862334de1e',
  'id_v1': '/lights/1',
  'type': 'update'},
 {'creationtime': '2022-01-25T15:25:51Z',
  'data': [{'color': {'xy': {'x': 0.15740710936928015,
                             'y': 0.21093860166588235}},
            'id': 'db67aab3-b558-4e0d-81c3-dcff37a10c24',
            'on': {'on': True},
            'type': 'light'}],
  'id': '5a99fe6d-6323-4a90-b894-5a84b15c2682',
  'id_v1': '/lights/1',
  'type': 'update'}]
[{'creationtime': '2022-01-25T15:25:52Z',
  'data': [{'color': {'xy': {'x': 0.15721736040575496,
                             'y': 0.2035694521865966}},
            'id': 'db67aab3-b558-4e0d-81c3-dcff37a10c24',
            'on': {'on': True},
            'type': 'light'}],
  'id': 'c588574b-adfb-41b3-8ddd-901ebda75dc3',
  'id_v1': '/lights/1',
  'type': 'update'}]
[{'creationtime': '2022-01-25T15:25:52Z',
  'data': [{'color': {'xy': {'x': 0.156653573422316, 'y': 0.18167404639226603}},
            'id': 'db67aab3-b558-4e0d-81c3-dcff37a10c24',
            'on': {'on': True},
            'type': 'light'}],
  'id': 'c5f74d50-104e-43a8-9b68-ae04803e1cd1',
  'id_v1': '/lights/1',
  'type': 'update'}]
[{'creationtime': '2022-01-25T15:25:52Z',
  'data': [{'color': {'xy': {'x': 0.156653573422316, 'y': 0.18167404639226603}},
            'id': 'db67aab3-b558-4e0d-81c3-dcff37a10c24',
            'on': {'on': True},
            'type': 'light'}],
  'id': 'c5f74d50-104e-43a8-9b68-ae04803e1cd1',
  'id_v1': '/lights/1',
  'type': 'update'},
 {'creationtime': '2022-01-25T15:25:53Z',
  'data': [{'color': {'xy': {'x': 0.15383146259912803,
                             'y': 0.0720736769524456}},
            'id': 'db67aab3-b558-4e0d-81c3-dcff37a10c24',
            'on': {'on': True},
            'type': 'light'}],
  'id': '32cfe32e-aa9c-47e0-ab1a-d95cdc615326',
  'id_v1': '/lights/1',
  'type': 'update'}]
[{'creationtime': '2022-01-25T15:25:53Z',
  'data': [{'color': {'xy': {'x': 0.15417715803060356,
                             'y': 0.08549921173019548}},
            'id': 'db67aab3-b558-4e0d-81c3-dcff37a10c24',
            'on': {'on': True},
            'type': 'light'}],
  'id': 'f56466de-03f9-4fda-9018-90b1faa86fe4',
  'id_v1': '/lights/1',
  'type': 'update'}]
[{'creationtime': '2022-01-25T15:25:53Z',
  'data': [{'color': {'xy': {'x': 0.15417715803060356,
                             'y': 0.08549921173019548}},
            'id': 'db67aab3-b558-4e0d-81c3-dcff37a10c24',
            'on': {'on': True},
            'type': 'light'}],
  'id': 'f56466de-03f9-4fda-9018-90b1faa86fe4',
  'id_v1': '/lights/1',
  'type': 'update'},
 {'creationtime': '2022-01-25T15:25:53Z',
  'data': [{'color': {'xy': {'x': 0.15423075906097422,
                             'y': 0.0875808779364663}},
            'id': 'db67aab3-b558-4e0d-81c3-dcff37a10c24',
            'on': {'on': True},
            'type': 'light'}],
  'id': 'a98ebbca-100b-49f8-bcb3-d54ff65ce13a',
  'id_v1': '/lights/1',
  'type': 'update'}]
{'alert': 'select'}
[{'success': {'/lights/1/state/alert': 'select'}}]
{'startup': {'mode': 'lastonstate'}}
[{'success': {'/lights/1/config/startup': {'mode': 'lastonstate'}}}]
{'devicetype': 'Hue Essentials#Mi 9 SE', 'generateclientkey': True}
{'devicetype': 'Hue Essentials#Mi 9 SE', 'generateclientkey': True}
{'devicetype': 'Hue Essentials#Mi 9 SE', 'generateclientkey': True}
{'devicetype': 'Hue Essentials#Mi 9 SE', 'generateclientkey': True}
{'devicetype': 'Hue Essentials#Mi 9 SE', 'generateclientkey': True}
[{'success': {'/config/linkbutton': {'lastlinkbuttonpushed': 1643124413}}}]
{'devicetype': 'Hue Essentials#Mi 9 SE', 'generateclientkey': True}
[{'success': {'clientkey': '0689F816E8BF43DE805A21FDFAC217E5',
              'username': 'hueessf27df311ecb085b827ebf38830'}}]
{'xy': [0.3476648419822001, 0.20410053471125328]}
[{'success': {'/lights/1/state/xy': [0.3476648419822001, 0.20410053471125328]}}]
{'xy': [0.5224503413203638, 0.22967522024284243]}
[{'success': {'/lights/1/state/xy': [0.5224503413203638, 0.22967522024284243]}}]
{'xy': [0.5755815629193269, 0.2568657292505551]}
[{'success': {'/lights/1/state/xy': [0.5755815629193269, 0.2568657292505551]}}]
{'xy': [0.6009453996042171, 0.2712671147716147]}
[{'success': {'/lights/1/state/xy': [0.6009453996042171, 0.2712671147716147]}}]
{'xy': [0.6227827709543187, 0.2814473412941709]}
[{'success': {'/lights/1/state/xy': [0.6227827709543187, 0.2814473412941709]}}]
{'xy': [0.6364891797134016, 0.2875622741998288]}
[{'success': {'/lights/1/state/xy': [0.6364891797134016, 0.2875622741998288]}}]
{'xy': [0.6310439898888592, 0.2805679602950723]}
[{'success': {'/lights/1/state/xy': [0.6310439898888592, 0.2805679602950723]}}]
{'xy': [0.6336751034405147, 0.3087870330404237]}
[{'success': {'/lights/1/state/xy': [0.6336751034405147, 0.3087870330404237]}}]
{'xy': [0.5660679826221027, 0.3818190350555956]}
[{'success': {'/lights/1/state/xy': [0.5660679826221027, 0.3818190350555956]}}]
{'xy': [0.5520341940675267, 0.40758235181917957]}
[{'success': {'/lights/1/state/xy': [0.5520341940675267, 0.40758235181917957]}}]
{'xy': [0.577132677897621, 0.34921685515010575]}
[{'success': {'/lights/1/state/xy': [0.577132677897621, 0.34921685515010575]}}]
{'xy': [0.5633984856290747, 0.2766756344580542]}
[{'success': {'/lights/1/state/xy': [0.5633984856290747, 0.2766756344580542]}}]
{'xy': [0.5253515997801037, 0.24397197911707846]}
[{'success': {'/lights/1/state/xy': [0.5253515997801037, 0.24397197911707846]}}]
{'xy': [0.49753564537713524, 0.2261120019010983]}
[{'success': {'/lights/1/state/xy': [0.49753564537713524, 0.2261120019010983]}}]
{'xy': [0.5598562258373775, 0.26044871129294905]}
[{'success': {'/lights/1/state/xy': [0.5598562258373775, 0.26044871129294905]}}]
{'xy': [0.6436645686822767, 0.29786997044779295]}
[{'success': {'/lights/1/state/xy': [0.6436645686822767, 0.29786997044779295]}}]
{'xy': [0.6424020873041145, 0.31686952429303955]}
[{'success': {'/lights/1/state/xy': [0.6424020873041145, 0.31686952429303955]}}]
{'xy': [0.6399223682267491, 0.320228214366167]}
[{'success': {'/lights/1/state/xy': [0.6399223682267491, 0.320228214366167]}}]
{'xy': [0.6383527333555621, 0.32057373493542834]}
[{'success': {'/lights/1/state/xy': [0.6383527333555621, 0.32057373493542834]}}]
{'xy': [0.5687742408824906, 0.32662281569910634]}
[{'success': {'/lights/1/state/xy': [0.5687742408824906, 0.32662281569910634]}}]
{'xy': [0.42736277875889545, 0.4569616447370417]}
[{'success': {'/lights/1/state/xy': [0.42736277875889545, 0.4569616447370417]}}]
{'xy': [0.39985096909006107, 0.524930804106505]}
[{'success': {'/lights/1/state/xy': [0.39985096909006107, 0.524930804106505]}}]
{'xy': [0.40595315086995093, 0.5228091280823357]}
[{'success': {'/lights/1/state/xy': [0.40595315086995093, 0.5228091280823357]}}]
{'xy': [0.46327354605672566, 0.4620922198674492]}
[{'success': {'/lights/1/state/xy': [0.46327354605672566, 0.4620922198674492]}}]
{'xy': [0.5351595079164174, 0.3553322707991927]}
[{'success': {'/lights/1/state/xy': [0.5351595079164174, 0.3553322707991927]}}]
{'xy': [0.5984439037683187, 0.30659590539927845]}
[{'success': {'/lights/1/state/xy': [0.5984439037683187, 0.30659590539927845]}}]
{'xy': [0.541424727345166, 0.2705409994585033]}
[{'success': {'/lights/1/state/xy': [0.541424727345166, 0.2705409994585033]}}]
{'xy': [0.4565609736444755, 0.23601908860158158]}
[{'success': {'/lights/1/state/xy': [0.4565609736444755, 0.23601908860158158]}}]
{'xy': [0.4209210330734893, 0.219769965581791]}
[{'success': {'/lights/1/state/xy': [0.4209210330734893, 0.219769965581791]}}]
{'xy': [0.5319007510972811, 0.27489515425693967]}
[{'success': {'/lights/1/state/xy': [0.5319007510972811, 0.27489515425693967]}}]
{'xy': [0.6028894569795136, 0.2963461359790855]}
[{'success': {'/lights/1/state/xy': [0.6028894569795136, 0.2963461359790855]}}]
{'xy': [0.1542307585477829, 0.07296137511730194]}
[{'success': {'/lights/1/state/xy': [0.1542307585477829, 0.07296137511730194]}}]
{'xy': [0.1542307585477829, 0.07426734268665314]}
[{'success': {'/lights/1/state/xy': [0.1542307585477829, 0.07426734268665314]}}]
{'xy': [0.1542307585477829, 0.3714157044887543]}
[{'success': {'/lights/1/state/xy': [0.1542307585477829, 0.3714157044887543]}}]
{'xy': [0.1542307585477829, 0.5472102761268616]}
[{'success': {'/lights/1/state/xy': [0.1542307585477829, 0.5472102761268616]}}]
{'xy': [0.1542307585477829, 0.545064389705658]}
[{'success': {'/lights/1/state/xy': [0.1542307585477829, 0.545064389705658]}}]
{'xy': [0.1542307585477829, 0.530173122882843]}
[{'success': {'/lights/1/state/xy': [0.1542307585477829, 0.530173122882843]}}]
{'xy': [0.1542307585477829, 0.48339712619781494]}
[{'success': {'/lights/1/state/xy': [0.1542307585477829, 0.48339712619781494]}}]
{'xy': [0.1542307585477829, 0.337196946144104]}
[{'success': {'/lights/1/state/xy': [0.1542307585477829, 0.337196946144104]}}]
{'xy': [0.1542307585477829, 0.18017131090164185]}
[{'success': {'/lights/1/state/xy': [0.1542307585477829, 0.18017131090164185]}}]
{'xy': [0.1542307585477829, 0.1233905628323555]}
[{'success': {'/lights/1/state/xy': [0.1542307585477829, 0.1233905628323555]}}]
{'xy': [0.1542307585477829, 0.1180257499217987]}
[{'success': {'/lights/1/state/xy': [0.1542307585477829, 0.1180257499217987]}}]
{'xy': [0.1542307585477829, 0.1995202600955963]}
[{'success': {'/lights/1/state/xy': [0.1542307585477829, 0.1995202600955963]}}]
{'xy': [0.1542307585477829, 0.30601298809051514]}
[{'success': {'/lights/1/state/xy': [0.1542307585477829, 0.30601298809051514]}}]
{'xy': [0.1542307585477829, 0.38684672117233276]}
[{'success': {'/lights/1/state/xy': [0.1542307585477829, 0.38684672117233276]}}]
{'xy': [0.1542307585477829, 0.4909277856349945]}
[{'success': {'/lights/1/state/xy': [0.1542307585477829, 0.4909277856349945]}}]
{'xy': [0.1542307585477829, 0.49487343430519104]}
[{'success': {'/lights/1/state/xy': [0.1542307585477829, 0.49487343430519104]}}]
{'xy': [0.1542307585477829, 0.35641252994537354]}
[{'success': {'/lights/1/state/xy': [0.1542307585477829, 0.35641252994537354]}}]
{'xy': [0.1542307585477829, 0.278969943523407]}
[{'success': {'/lights/1/state/xy': [0.1542307585477829, 0.278969943523407]}}]
{'bri': 54}
[{'success': {'/lights/1/state/bri': 54}}]
{'bri': 40}
[{'success': {'/lights/1/state/bri': 40}}]
{'bri': 32}
[{'success': {'/lights/1/state/bri': 32}}]
{'bri': 53}
[{'success': {'/lights/1/state/bri': 53}}]
{'bri': 120}
[{'success': {'/lights/1/state/bri': 120}}]
{'bri': 145}
[{'success': {'/lights/1/state/bri': 145}}]
{'bri': 159}
[{'success': {'/lights/1/state/bri': 159}}]
{'bri': 164}
[{'success': {'/lights/1/state/bri': 164}}]
{'bri': 162}
[{'success': {'/lights/1/state/bri': 162}}]
{'bri': 171}
[{'success': {'/lights/1/state/bri': 171}}]
{'bri': 180}
[{'success': {'/lights/1/state/bri': 180}}]
{'bri': 253}
[{'success': {'/lights/1/state/bri': 253}}]
{'bri': 254}
[{'success': {'/lights/1/state/bri': 254}}]
{'ct': 309}
[{'success': {'/lights/1/state/ct': 309}}]
{'ct': 237}
[{'success': {'/lights/1/state/ct': 237}}]
{'ct': 229}
[{'success': {'/lights/1/state/ct': 229}}]
{'ct': 236}
[{'success': {'/lights/1/state/ct': 236}}]
{'ct': 255}
[{'success': {'/lights/1/state/ct': 255}}]
{'lat': '52.1791N', 'long': '21.0303E'}
[{'success': {'/sensors/1/config/lat': '52.1791N'}},
 {'success': {'/sensors/1/config/long': '21.0303E'}}]
[{'success': {'/config/linkbutton': True}}]
[{'success': {'/config/linkbutton': True}}]
[{'success': {'/config/linkbutton': True}}]
[{'creationtime': '2022-01-25T15:34:55Z',
  'data': [{'color': {'xy': {'x': 0.16921354557931773,
                             'y': 0.12285985722453285}},
            'id': 'db67aab3-b558-4e0d-81c3-dcff37a10c24',
            'on': {'on': True},
            'type': 'light'}],
  'id': 'fc07b5e7-b23d-42b9-b080-471ca62b9fe4',
  'id_v1': '/lights/1',
  'type': 'update'}]
[{'creationtime': '2022-01-25T15:34:55Z',
  'data': [{'color': {'xy': {'x': 0.16921354557931773,
                             'y': 0.12285985722453285}},
            'id': 'db67aab3-b558-4e0d-81c3-dcff37a10c24',
            'on': {'on': True},
            'type': 'light'}],
  'id': 'fc07b5e7-b23d-42b9-b080-471ca62b9fe4',
  'id_v1': '/lights/1',
  'type': 'update'},
 {'creationtime': '2022-01-25T15:34:56Z',
  'data': [{'color': {'xy': {'x': 0.23848193677533375,
                             'y': 0.2833617860794454}},
            'id': 'db67aab3-b558-4e0d-81c3-dcff37a10c24',
            'on': {'on': True},
            'type': 'light'}],
  'id': '2653bf60-055b-437a-8a44-6895f8d73fdd',
  'id_v1': '/lights/1',
  'type': 'update'}]
[{'creationtime': '2022-01-25T15:34:55Z',
  'data': [{'color': {'xy': {'x': 0.16921354557931773,
                             'y': 0.12285985722453285}},
            'id': 'db67aab3-b558-4e0d-81c3-dcff37a10c24',
            'on': {'on': True},
            'type': 'light'}],
  'id': 'fc07b5e7-b23d-42b9-b080-471ca62b9fe4',
  'id_v1': '/lights/1',
  'type': 'update'},
 {'creationtime': '2022-01-25T15:34:56Z',
  'data': [{'color': {'xy': {'x': 0.23848193677533375,
                             'y': 0.2833617860794454}},
            'id': 'db67aab3-b558-4e0d-81c3-dcff37a10c24',
            'on': {'on': True},
            'type': 'light'}],
  'id': '2653bf60-055b-437a-8a44-6895f8d73fdd',
  'id_v1': '/lights/1',
  'type': 'update'},
 {'creationtime': '2022-01-25T15:34:56Z',
  'data': [{'color': {'xy': {'x': 0.35172070223698276,
                             'y': 0.41359395421443845}},
            'id': 'db67aab3-b558-4e0d-81c3-dcff37a10c24',
            'on': {'on': True},
            'type': 'light'}],
  'id': 'b34240d0-2a06-4f8c-bacc-91dc791246ce',
  'id_v1': '/lights/1',
  'type': 'update'}]
[{'creationtime': '2022-01-25T15:34:56Z',
  'data': [{'color': {'xy': {'x': 0.3548803756932641,
                             'y': 0.37249553868302365}},
            'id': 'db67aab3-b558-4e0d-81c3-dcff37a10c24',
            'on': {'on': True},
            'type': 'light'}],
  'id': '33c28458-d731-4b2f-8380-4d09dfc3f5b5',
  'id_v1': '/lights/1',
  'type': 'update'}]
[{'creationtime': '2022-01-25T15:34:57Z',
  'data': [{'color': {'xy': {'x': 0.32702498420824044,
                             'y': 0.3486262963267516}},
            'id': 'db67aab3-b558-4e0d-81c3-dcff37a10c24',
            'on': {'on': True},
            'type': 'light'}],
  'id': '29122cba-5d62-46e1-957d-25d84ef1e791',
  'id_v1': '/lights/1',
  'type': 'update'}]
[{'creationtime': '2022-01-25T15:34:57Z',
  'data': [{'color': {'xy': {'x': 0.32702498420824044,
                             'y': 0.3486262963267516}},
            'id': 'db67aab3-b558-4e0d-81c3-dcff37a10c24',
            'on': {'on': True},
            'type': 'light'}],
  'id': '29122cba-5d62-46e1-957d-25d84ef1e791',
  'id_v1': '/lights/1',
  'type': 'update'},
 {'creationtime': '2022-01-25T15:34:58Z',
  'data': [{'color': {'xy': {'x': 0.421168787546753, 'y': 0.43860684403606015}},
            'id': 'db67aab3-b558-4e0d-81c3-dcff37a10c24',
            'on': {'on': True},
            'type': 'light'}],
  'id': '77e668ed-0a0b-4e8e-8fd0-685bb8dc9cac',
  'id_v1': '/lights/1',
  'type': 'update'}]
[{'creationtime': '2022-01-25T15:34:58Z',
  'data': [{'color': {'xy': {'x': 0.4122579583633611, 'y': 0.447961735112301}},
            'id': 'db67aab3-b558-4e0d-81c3-dcff37a10c24',
            'on': {'on': True},
            'type': 'light'}],
  'id': 'ca26987b-b5bb-4e48-84f6-522b7f018ecd',
  'id_v1': '/lights/1',
  'type': 'update'}]
[{'creationtime': '2022-01-25T15:34:58Z',
  'data': [{'color': {'xy': {'x': 0.4122579583633611, 'y': 0.447961735112301}},
            'id': 'db67aab3-b558-4e0d-81c3-dcff37a10c24',
            'on': {'on': True},
            'type': 'light'}],
  'id': 'ca26987b-b5bb-4e48-84f6-522b7f018ecd',
  'id_v1': '/lights/1',
  'type': 'update'},
 {'creationtime': '2022-01-25T15:34:58Z',
  'data': [{'color': {'xy': {'x': 0.3396365424154453, 'y': 0.5189740125216233}},
            'id': 'db67aab3-b558-4e0d-81c3-dcff37a10c24',
            'on': {'on': True},
            'type': 'light'}],
  'id': '79639ca2-af22-4e78-a3a9-b8982f7c7b6b',
  'id_v1': '/lights/1',
  'type': 'update'}]
[{'creationtime': '2022-01-25T15:34:58Z',
  'data': [{'color': {'xy': {'x': 0.4122579583633611, 'y': 0.447961735112301}},
            'id': 'db67aab3-b558-4e0d-81c3-dcff37a10c24',
            'on': {'on': True},
            'type': 'light'}],
  'id': 'ca26987b-b5bb-4e48-84f6-522b7f018ecd',
  'id_v1': '/lights/1',
  'type': 'update'},
 {'creationtime': '2022-01-25T15:34:58Z',
  'data': [{'color': {'xy': {'x': 0.3396365424154453, 'y': 0.5189740125216233}},
            'id': 'db67aab3-b558-4e0d-81c3-dcff37a10c24',
            'on': {'on': True},
            'type': 'light'}],
  'id': '79639ca2-af22-4e78-a3a9-b8982f7c7b6b',
  'id_v1': '/lights/1',
  'type': 'update'},
 {'creationtime': '2022-01-25T15:34:59Z',
  'data': [{'color': {'xy': {'x': 0.21973633716277213,
                             'y': 0.6424470551212058}},
            'id': 'db67aab3-b558-4e0d-81c3-dcff37a10c24',
            'on': {'on': True},
            'type': 'light'}],
  'id': '08fb719e-2283-4193-b413-36f0aaaecbbb',
  'id_v1': '/lights/1',
  'type': 'update'}]
[{'creationtime': '2022-01-25T15:34:59Z',
  'data': [{'color': {'xy': {'x': 0.16571195375249176,
                             'y': 0.5334681086793593}},
            'id': 'db67aab3-b558-4e0d-81c3-dcff37a10c24',
            'on': {'on': True},
            'type': 'light'}],
  'id': '336a1e0b-8188-42d1-a2bf-bec81315674f',
  'id_v1': '/lights/1',
  'type': 'update'}]
[{'creationtime': '2022-01-25T15:34:59Z',
  'data': [{'color': {'xy': {'x': 0.16571195375249176,
                             'y': 0.5334681086793593}},
            'id': 'db67aab3-b558-4e0d-81c3-dcff37a10c24',
            'on': {'on': True},
            'type': 'light'}],
  'id': '336a1e0b-8188-42d1-a2bf-bec81315674f',
  'id_v1': '/lights/1',
  'type': 'update'},
 {'creationtime': '2022-01-25T15:34:59Z',
  'data': [{'color': {'xy': {'x': 0.3586375679631664, 'y': 0.5086788647729794}},
            'id': 'db67aab3-b558-4e0d-81c3-dcff37a10c24',
            'on': {'on': True},
            'type': 'light'}],
  'id': '23920962-8345-48f6-8b3b-c4e36d6dbf2a',
  'id_v1': '/lights/1',
  'type': 'update'}]
[{'creationtime': '2022-01-25T15:34:59Z',
  'data': [{'color': {'xy': {'x': 0.16571195375249176,
                             'y': 0.5334681086793593}},
            'id': 'db67aab3-b558-4e0d-81c3-dcff37a10c24',
            'on': {'on': True},
            'type': 'light'}],
  'id': '336a1e0b-8188-42d1-a2bf-bec81315674f',
  'id_v1': '/lights/1',
  'type': 'update'},
 {'creationtime': '2022-01-25T15:34:59Z',
  'data': [{'color': {'xy': {'x': 0.3586375679631664, 'y': 0.5086788647729794}},
            'id': 'db67aab3-b558-4e0d-81c3-dcff37a10c24',
            'on': {'on': True},
            'type': 'light'}],
  'id': '23920962-8345-48f6-8b3b-c4e36d6dbf2a',
  'id_v1': '/lights/1',
  'type': 'update'},
 {'creationtime': '2022-01-25T15:34:59Z',
  'data': [{'color': {'xy': {'x': 0.4148862828252146, 'y': 0.489043584920011}},
            'id': 'db67aab3-b558-4e0d-81c3-dcff37a10c24',
            'on': {'on': True},
            'type': 'light'}],
  'id': '72d593b4-c5b8-4ecf-8cff-427fef5e46dd',
  'id_v1': '/lights/1',
  'type': 'update'}]
[{'creationtime': '2022-01-25T15:34:59Z',
  'data': [{'color': {'xy': {'x': 0.2132430190740112, 'y': 0.6386781266245471}},
            'id': 'db67aab3-b558-4e0d-81c3-dcff37a10c24',
            'on': {'on': True},
            'type': 'light'}],
  'id': 'fea04aca-4f6a-48d6-8e31-6da68f3894fd',
  'id_v1': '/lights/1',
  'type': 'update'}]
[{'creationtime': '2022-01-25T15:34:59Z',
  'data': [{'color': {'xy': {'x': 0.2132430190740112, 'y': 0.6386781266245471}},
            'id': 'db67aab3-b558-4e0d-81c3-dcff37a10c24',
            'on': {'on': True},
            'type': 'light'}],
  'id': 'fea04aca-4f6a-48d6-8e31-6da68f3894fd',
  'id_v1': '/lights/1',
  'type': 'update'},
 {'creationtime': '2022-01-25T15:35:00Z',
  'data': [{'color': {'xy': {'x': 0.38677839898425115, 'y': 0.461841538749342}},
            'id': 'db67aab3-b558-4e0d-81c3-dcff37a10c24',
            'on': {'on': True},
            'type': 'light'}],
  'id': '085d3ad4-3ffc-43c3-b704-cae2923bdce0',
  'id_v1': '/lights/1',
  'type': 'update'}]
[{'creationtime': '2022-01-25T15:34:59Z',
  'data': [{'color': {'xy': {'x': 0.2132430190740112, 'y': 0.6386781266245471}},
            'id': 'db67aab3-b558-4e0d-81c3-dcff37a10c24',
            'on': {'on': True},
            'type': 'light'}],
  'id': 'fea04aca-4f6a-48d6-8e31-6da68f3894fd',
  'id_v1': '/lights/1',
  'type': 'update'},
 {'creationtime': '2022-01-25T15:35:00Z',
  'data': [{'color': {'xy': {'x': 0.38677839898425115, 'y': 0.461841538749342}},
            'id': 'db67aab3-b558-4e0d-81c3-dcff37a10c24',
            'on': {'on': True},
            'type': 'light'}],
  'id': '085d3ad4-3ffc-43c3-b704-cae2923bdce0',
  'id_v1': '/lights/1',
  'type': 'update'},
 {'creationtime': '2022-01-25T15:35:00Z',
  'data': [{'color': {'xy': {'x': 0.2885484255301798, 'y': 0.5487176999567427}},
            'id': 'db67aab3-b558-4e0d-81c3-dcff37a10c24',
            'on': {'on': True},
            'type': 'light'}],
  'id': '5b63b1cc-696b-4adf-b496-061a67259bf1',
  'id_v1': '/lights/1',
  'type': 'update'}]
[{'creationtime': '2022-01-25T15:35:00Z',
  'data': [{'color': {'xy': {'x': 0.2837370416003964,
                             'y': 0.44945707363374765}},
            'id': 'db67aab3-b558-4e0d-81c3-dcff37a10c24',
            'on': {'on': True},
            'type': 'light'}],
  'id': '8291f89c-c646-44af-b223-15f7671e500b',
  'id_v1': '/lights/1',
  'type': 'update'}]
[{'creationtime': '2022-01-25T15:35:00Z',
  'data': [{'color': {'xy': {'x': 0.2837370416003964,
                             'y': 0.44945707363374765}},
            'id': 'db67aab3-b558-4e0d-81c3-dcff37a10c24',
            'on': {'on': True},
            'type': 'light'}],
  'id': '8291f89c-c646-44af-b223-15f7671e500b',
  'id_v1': '/lights/1',
  'type': 'update'},
 {'creationtime': '2022-01-25T15:35:00Z',
  'data': [{'color': {'xy': {'x': 0.3677592665467707, 'y': 0.4426394555577005}},
            'id': 'db67aab3-b558-4e0d-81c3-dcff37a10c24',
            'on': {'on': True},
            'type': 'light'}],
  'id': '78d62703-8756-4f2b-826f-6e379bfec127',
  'id_v1': '/lights/1',
  'type': 'update'}]
[{'creationtime': '2022-01-25T15:35:00Z',
  'data': [{'color': {'xy': {'x': 0.2837370416003964,
                             'y': 0.44945707363374765}},
            'id': 'db67aab3-b558-4e0d-81c3-dcff37a10c24',
            'on': {'on': True},
            'type': 'light'}],
  'id': '8291f89c-c646-44af-b223-15f7671e500b',
  'id_v1': '/lights/1',
  'type': 'update'},
 {'creationtime': '2022-01-25T15:35:00Z',
  'data': [{'color': {'xy': {'x': 0.3677592665467707, 'y': 0.4426394555577005}},
            'id': 'db67aab3-b558-4e0d-81c3-dcff37a10c24',
            'on': {'on': True},
            'type': 'light'}],
  'id': '78d62703-8756-4f2b-826f-6e379bfec127',
  'id_v1': '/lights/1',
  'type': 'update'},
 {'creationtime': '2022-01-25T15:35:00Z',
  'data': [{'color': {'xy': {'x': 0.27291986938076485,
                             'y': 0.5735728191457263}},
            'id': 'db67aab3-b558-4e0d-81c3-dcff37a10c24',
            'on': {'on': True},
            'type': 'light'}],
  'id': '90e3612c-f411-4a94-a51c-4ea126bc81ab',
  'id_v1': '/lights/1',
  'type': 'update'}]
[{'creationtime': '2022-01-25T15:35:01Z',
  'data': [{'color': {'xy': {'x': 0.18871730786378216,
                             'y': 0.5351903908199919}},
            'id': 'db67aab3-b558-4e0d-81c3-dcff37a10c24',
            'on': {'on': True},
            'type': 'light'}],
  'id': '0e664349-fbd5-43cc-8068-3cc2a0d7e99c',
  'id_v1': '/lights/1',
  'type': 'update'}]
[{'creationtime': '2022-01-25T15:35:01Z',
  'data': [{'color': {'xy': {'x': 0.18871730786378216,
                             'y': 0.5351903908199919}},
            'id': 'db67aab3-b558-4e0d-81c3-dcff37a10c24',
            'on': {'on': True},
            'type': 'light'}],
  'id': '0e664349-fbd5-43cc-8068-3cc2a0d7e99c',
  'id_v1': '/lights/1',
  'type': 'update'},
 {'creationtime': '2022-01-25T15:35:01Z',
  'data': [{'color': {'xy': {'x': 0.17000000000000004, 'y': 0.7}},
            'id': 'db67aab3-b558-4e0d-81c3-dcff37a10c24',
            'on': {'on': True},
            'type': 'light'}],
  'id': '7fc1bbb6-94b8-4351-9e12-0571c046cf34',
  'id_v1': '/lights/1',
  'type': 'update'}]
[{'creationtime': '2022-01-25T15:37:30Z',
  'data': [{'color': {'xy': {'x': 0.18830823923641177,
                             'y': 0.5194162944441603}},
            'id': 'db67aab3-b558-4e0d-81c3-dcff37a10c24',
            'on': {'on': True},
            'type': 'light'}],
  'id': 'ba43ba95-b015-4fe4-8f18-36392b26add9',
  'id_v1': '/lights/1',
  'type': 'update'}]
[{'creationtime': '2022-01-25T15:37:30Z',
  'data': [{'color': {'xy': {'x': 0.18830823923641177,
                             'y': 0.5194162944441603}},
            'id': 'db67aab3-b558-4e0d-81c3-dcff37a10c24',
            'on': {'on': True},
            'type': 'light'}],
  'id': 'ba43ba95-b015-4fe4-8f18-36392b26add9',
  'id_v1': '/lights/1',
  'type': 'update'},
 {'creationtime': '2022-01-25T15:37:30Z',
  'data': [{'color': {'xy': {'x': 0.1873377112824714, 'y': 0.4403254397242629}},
            'id': 'db67aab3-b558-4e0d-81c3-dcff37a10c24',
            'on': {'on': True},
            'type': 'light'}],
  'id': '0698e611-30b7-4cde-894c-c6f12fa0fba9',
  'id_v1': '/lights/1',
  'type': 'update'}]
